This is XeTeX, Version 3.141592653-2.6-0.999993 (TeX Live 2021) (preloaded format=xelatex 2021.10.30)  23 FEB 2022 15:54
entering extended mode
 restricted \write18 enabled.
 file:line:error style messages enabled.
 %&-line parsing enabled.
**StevenMoranCV.tex
(./StevenMoranCV.tex
LaTeX2e <2020-10-01> patch level 4
L3 programming layer <2021-02-18>
(/usr/local/texlive/2021/texmf-dist/tex/latex/base/article.cls
Document Class: article 2020/04/10 v1.4m Standard LaTeX document class
(/usr/local/texlive/2021/texmf-dist/tex/latex/base/size11.clo
File: size11.clo 2020/04/10 v1.4m Standard LaTeX file (size option)
)
\c@part=\count175
\c@section=\count176
\c@subsection=\count177
\c@subsubsection=\count178
\c@paragraph=\count179
\c@subparagraph=\count180
\c@figure=\count181
\c@table=\count182
\abovecaptionskip=\skip47
\belowcaptionskip=\skip48
\bibindent=\dimen138
)
(/usr/local/texlive/2021/texmf-dist/tex/latex/url/url.sty
\Urlmuskip=\muskip16
Package: url 2013/09/16  ver 3.4  Verb mode for urls, etc.
)
(/usr/local/texlive/2021/texmf-dist/tex/latex/hyperref/hyperref.sty
Package: hyperref 2021-02-27 v7.00k Hypertext links for LaTeX

(/usr/local/texlive/2021/texmf-dist/tex/generic/ltxcmds/ltxcmds.sty
Package: ltxcmds 2020-05-10 v1.25 LaTeX kernel commands for general use (HO)
)
(/usr/local/texlive/2021/texmf-dist/tex/generic/iftex/iftex.sty
Package: iftex 2020/03/06 v1.0d TeX engine tests
)
(/usr/local/texlive/2021/texmf-dist/tex/generic/pdftexcmds/pdftexcmds.sty
Package: pdftexcmds 2020-06-27 v0.33 Utility functions of pdfTeX for LuaTeX (HO
)

(/usr/local/texlive/2021/texmf-dist/tex/generic/infwarerr/infwarerr.sty
Package: infwarerr 2019/12/03 v1.5 Providing info/warning/error messages (HO)
)
Package pdftexcmds Info: \pdf@primitive is available.
Package pdftexcmds Info: \pdf@ifprimitive is available.
Package pdftexcmds Info: \pdfdraftmode not found.
)
(/usr/local/texlive/2021/texmf-dist/tex/latex/graphics/keyval.sty
Package: keyval 2014/10/28 v1.15 key=value parser (DPC)
\KV@toks@=\toks15
)
(/usr/local/texlive/2021/texmf-dist/tex/generic/kvsetkeys/kvsetkeys.sty
Package: kvsetkeys 2019/12/15 v1.18 Key value parser (HO)
)
(/usr/local/texlive/2021/texmf-dist/tex/generic/kvdefinekeys/kvdefinekeys.sty
Package: kvdefinekeys 2019-12-19 v1.6 Define keys (HO)
)
(/usr/local/texlive/2021/texmf-dist/tex/generic/pdfescape/pdfescape.sty
Package: pdfescape 2019/12/09 v1.15 Implements pdfTeX's escape features (HO)
)
(/usr/local/texlive/2021/texmf-dist/tex/latex/hycolor/hycolor.sty
Package: hycolor 2020-01-27 v1.10 Color options for hyperref/bookmark (HO)
)
(/usr/local/texlive/2021/texmf-dist/tex/latex/letltxmacro/letltxmacro.sty
Package: letltxmacro 2019/12/03 v1.6 Let assignment for LaTeX macros (HO)
)
(/usr/local/texlive/2021/texmf-dist/tex/latex/auxhook/auxhook.sty
Package: auxhook 2019-12-17 v1.6 Hooks for auxiliary files (HO)
)
(/usr/local/texlive/2021/texmf-dist/tex/latex/kvoptions/kvoptions.sty
Package: kvoptions 2020-10-07 v3.14 Key value format for package options (HO)
)
\@linkdim=\dimen139
\Hy@linkcounter=\count183
\Hy@pagecounter=\count184

(/usr/local/texlive/2021/texmf-dist/tex/latex/hyperref/pd1enc.def
File: pd1enc.def 2021-02-27 v7.00k Hyperref: PDFDocEncoding definition (HO)
)
(/usr/local/texlive/2021/texmf-dist/tex/latex/hyperref/hyperref-langpatches.def
File: hyperref-langpatches.def 2021-02-27 v7.00k Hyperref: patches for babel la
nguages
) (/usr/local/texlive/2021/texmf-dist/tex/generic/intcalc/intcalc.sty
Package: intcalc 2019/12/15 v1.3 Expandable calculations with integers (HO)
)
(/usr/local/texlive/2021/texmf-dist/tex/generic/etexcmds/etexcmds.sty
Package: etexcmds 2019/12/15 v1.7 Avoid name clashes with e-TeX commands (HO)
)
\Hy@SavedSpaceFactor=\count185

(/usr/local/texlive/2021/texmf-dist/tex/latex/hyperref/puenc.def
File: puenc.def 2021-02-27 v7.00k Hyperref: PDF Unicode definition (HO)
)
Package hyperref Info: Option `final' set `true' on input line 4073.
Package hyperref Info: Option `colorlinks' set `true' on input line 4073.
Package hyperref Info: Hyper figures OFF on input line 4192.
Package hyperref Info: Link nesting OFF on input line 4197.
Package hyperref Info: Hyper index ON on input line 4200.
Package hyperref Info: Plain pages OFF on input line 4207.
Package hyperref Info: Backreferencing OFF on input line 4212.
Package hyperref Info: Implicit mode ON; LaTeX internals redefined.
Package hyperref Info: Bookmarks ON on input line 4445.
\c@Hy@tempcnt=\count186
LaTeX Info: Redefining \url on input line 4804.
\XeTeXLinkMargin=\dimen140

(/usr/local/texlive/2021/texmf-dist/tex/generic/bitset/bitset.sty
Package: bitset 2019/12/09 v1.3 Handle bit-vector datatype (HO)

(/usr/local/texlive/2021/texmf-dist/tex/generic/bigintcalc/bigintcalc.sty
Package: bigintcalc 2019/12/15 v1.5 Expandable calculations on big integers (HO
)
))
\Fld@menulength=\count187
\Field@Width=\dimen141
\Fld@charsize=\dimen142
Package hyperref Info: Hyper figures OFF on input line 6075.
Package hyperref Info: Link nesting OFF on input line 6080.
Package hyperref Info: Hyper index ON on input line 6083.
Package hyperref Info: backreferencing OFF on input line 6090.
Package hyperref Info: Link coloring ON on input line 6093.
Package hyperref Info: Link coloring with OCG OFF on input line 6100.
Package hyperref Info: PDF/A mode OFF on input line 6105.
LaTeX Info: Redefining \ref on input line 6145.
LaTeX Info: Redefining \pageref on input line 6149.

(/usr/local/texlive/2021/texmf-dist/tex/latex/base/atbegshi-ltx.sty
Package: atbegshi-ltx 2020/08/17 v1.0a Emulation of the original atbegshi packa
ge
with kernel methods
)
\Hy@abspage=\count188
\c@Item=\count189
\c@Hfootnote=\count190
)
Package hyperref Info: Driver (autodetected): hxetex.

(/usr/local/texlive/2021/texmf-dist/tex/latex/hyperref/hxetex.def
File: hxetex.def 2021-02-27 v7.00k Hyperref driver for XeTeX

(/usr/local/texlive/2021/texmf-dist/tex/generic/stringenc/stringenc.sty
Package: stringenc 2019/11/29 v1.12 Convert strings between diff. encodings (HO
)
)
\pdfm@box=\box47
\c@Hy@AnnotLevel=\count191
\HyField@AnnotCount=\count192
\Fld@listcount=\count193
\c@bookmark@seq@number=\count194

(/usr/local/texlive/2021/texmf-dist/tex/latex/rerunfilecheck/rerunfilecheck.sty
Package: rerunfilecheck 2019/12/05 v1.9 Rerun checks for auxiliary files (HO)
(/usr/local/texlive/2021/texmf-dist/tex/latex/base/atveryend-ltx.sty
Package: atveryend-ltx 2020/08/19 v1.0a Emulation of the original atvery packag
e
with kernel methods
)
(/usr/local/texlive/2021/texmf-dist/tex/generic/uniquecounter/uniquecounter.sty
Package: uniquecounter 2019/12/15 v1.4 Provide unlimited unique counter (HO)
)
Package uniquecounter Info: New unique counter `rerunfilecheck' on input line 2
86.
)
\Hy@SectionHShift=\skip49
) (/usr/local/texlive/2021/texmf-dist/tex/latex/tools/verbatim.sty
Package: verbatim 2020-07-07 v1.5u LaTeX2e package for verbatim enhancements
\every@verbatim=\toks16
\verbatim@line=\toks17
\verbatim@in@stream=\read2
)
(/usr/local/texlive/2021/texmf-dist/tex/latex/l3backend/l3backend-xetex.def
File: l3backend-xetex.def 2021-03-18 L3 backend support: XeTeX

(|extractbb --version)
\c__kernel_sys_dvipdfmx_version_int=\count195
\l__color_backend_stack_int=\count196
\g__color_backend_stack_int=\count197
\g__graphics_track_int=\count198
\l__pdf_internal_box=\box48
\g__pdf_backend_object_int=\count199
\g__pdf_backend_annotation_int=\count266
\g__pdf_backend_link_int=\count267
) (./StevenMoranCV.aux)
\openout1 = `StevenMoranCV.aux'.

LaTeX Font Info:    Checking defaults for OML/cmm/m/it on input line 45.
LaTeX Font Info:    ... okay on input line 45.
LaTeX Font Info:    Checking defaults for OMS/cmsy/m/n on input line 45.
LaTeX Font Info:    ... okay on input line 45.
LaTeX Font Info:    Checking defaults for OT1/cmr/m/n on input line 45.
LaTeX Font Info:    ... okay on input line 45.
LaTeX Font Info:    Checking defaults for T1/cmr/m/n on input line 45.
LaTeX Font Info:    ... okay on input line 45.
LaTeX Font Info:    Checking defaults for TS1/cmr/m/n on input line 45.
LaTeX Font Info:    Trying to load font information for TS1+cmr on input line 4
5.

(/usr/local/texlive/2021/texmf-dist/tex/latex/base/ts1cmr.fd
File: ts1cmr.fd 2019/12/16 v2.5j Standard LaTeX font definitions
)
LaTeX Font Info:    ... okay on input line 45.
LaTeX Font Info:    Checking defaults for TU/lmr/m/n on input line 45.
LaTeX Font Info:    ... okay on input line 45.
LaTeX Font Info:    Checking defaults for OMX/cmex/m/n on input line 45.
LaTeX Font Info:    ... okay on input line 45.
LaTeX Font Info:    Checking defaults for U/cmr/m/n on input line 45.
LaTeX Font Info:    ... okay on input line 45.
LaTeX Font Info:    Checking defaults for PD1/pdf/m/n on input line 45.
LaTeX Font Info:    ... okay on input line 45.
LaTeX Font Info:    Checking defaults for PU/pdf/m/n on input line 45.
LaTeX Font Info:    ... okay on input line 45.

(/usr/local/texlive/2021/texmf-dist/tex/latex/graphics/color.sty
Package: color 2020/02/24 v1.2b Standard LaTeX Color (DPC)

(/usr/local/texlive/2021/texmf-dist/tex/latex/graphics-cfg/color.cfg
File: color.cfg 2016/01/02 v1.6 sample color configuration
)
Package color Info: Driver file: xetex.def on input line 147.

(/usr/local/texlive/2021/texmf-dist/tex/latex/graphics-def/xetex.def
File: xetex.def 2021/03/18 v5.0k Graphics/color driver for xetex
))
Package hyperref Info: Link coloring ON on input line 45.

(/usr/local/texlive/2021/texmf-dist/tex/latex/hyperref/nameref.sty
Package: nameref 2021-04-02 v2.47 Cross-referencing by name of section

(/usr/local/texlive/2021/texmf-dist/tex/latex/refcount/refcount.sty
Package: refcount 2019/12/15 v3.6 Data extraction from label references (HO)
)
(/usr/local/texlive/2021/texmf-dist/tex/generic/gettitlestring/gettitlestring.s
ty
Package: gettitlestring 2019/12/15 v1.6 Cleanup title references (HO)
)
\c@section@level=\count268
)
LaTeX Info: Redefining \ref on input line 45.
LaTeX Info: Redefining \pageref on input line 45.
LaTeX Info: Redefining \nameref on input line 45.
 (./StevenMoranCV.out) (./StevenMoranCV.out)
\@outlinefile=\write3
\openout3 = `StevenMoranCV.out'.

LaTeX Font Info:    External font `cmex10' loaded for size
(Font)              <10.95> on input line 54.
LaTeX Font Info:    External font `cmex10' loaded for size
(Font)              <8> on input line 54.
LaTeX Font Info:    External font `cmex10' loaded for size
(Font)              <6> on input line 54.

Overfull \hbox (8.39624pt too wide) in paragraph at lines 90--129
[] 
 []


Overfull \hbox (31.5116pt too wide) in paragraph at lines 134--146
[] 
 []

[1

] [2

] [3

] [4]
Missing character: There is no ￼ (U+FFFC) in font [lmroman10-regular]:mapping=t
ex-text;!

Overfull \hbox (9.45317pt too wide) in paragraph at lines 319--320
\TU/lmr/m/n/10.95 land. [][]$[][][][] [] [] [] [][][] [] [][][][] [][] [][][][]
 [] [][][] [] [][][][][][][][][][][] [] [][][][][][][][] [] [][][][][][][][][] 
[] [][][][][][][][][][][][][][][][] [][]
 []

Missing character: There is no ￼ (U+FFFC) in font [lmroman10-regular]:mapping=t
ex-text;!
[5]
Overfull \hbox (12.21413pt too wide) in paragraph at lines 343--344
\TU/lmr/m/it/10.95 2012\TU/lmr/m/n/10.95 , pg 3603–3610, Istanbul, Turkey, May 
23–25. [][]$[][][][] [] [] [] [][][] [] [][][][] [][] [][][][] [] [][][] [] [][
][][][][][][][][][] []
 []

[6]
Overfull \hbox (35.49567pt too wide) in paragraph at lines 395--396
[][][][][][][][][][][] [] [][][] [] [][][][][][][][][][][][][] [] [][][][] [] [
][][] [][] [][][][][][][][] [][] [][][][][] [][] [][] [][] [][][][][][][][][] [
][] [][][] [][] [][][][][][][][][][] [][]
 []


Overfull \hbox (0.81705pt too wide) in paragraph at lines 448--449
[][][][][] [][] [][][][][][][] [][] [][][] [][] [][][] [][] [][][][][][][] [][]
 [][][][][][] [][] [][][][][] [][] [][][][][][]$[][]\TU/lmr/m/n/10.95 . Transla
ted into Bahasa Indone-
 []


Overfull \hbox (25.49817pt too wide) in paragraph at lines 451--452
[][][][][][] [] [][] [] [][][][][][][] [][] [][][][][] [] [][][][] [] [][] [] [
][] [] [][][][] [][] [][] [][] [][][][][] [][] [][] [][] [][] [][] [][][][] [][
] [][][] [][] [][][][][][][][][] [][] [][][][][] [][]
 []

[7

]
Overfull \hbox (16.04152pt too wide) in paragraph at lines 468--469
\TU/lmr/m/n/10.95 Zenodo. [][]$[][][][][] [] [] [] [][][] [] [][][] [] [][] [] 
[][][][] [] [][][][][][] [] [][][][][][][]$[][]. [][]$[][][][][] [] [] [] [][][
][][][] [] [][][] [] [][][][][][] [] [][][][][][]$[][]. 
 []


Overfull \hbox (5.52953pt too wide) in paragraph at lines 476--477
\TU/lmr/m/n/10.95 set]. Zenodo. [][]$[][][][][] [] [] [] [][][] [] [][][] [] []
[] [] [][][][] [] [][][][][][] [] [][][][][][][]$[][]. [][]$[][][][][] [] [] []
 [][][][][][] [] [][][] [] [][][][][][][]$[][]. 
 []

[8] [9

] [10] [11] [12] [13]
Missing character: There is no ￼ (U+FFFC) in font [lmroman10-regular]:mapping=t
ex-text;!
Missing character: There is no ￼ (U+FFFC) in font [lmroman10-regular]:mapping=t
ex-text;!
 [14] [15] [16] [17] [18] [19]
Overfull \hbox (8.39624pt too wide) in paragraph at lines 1213--1223
[] 
 []

[20

]
Overfull \hbox (38.89032pt too wide) in paragraph at lines 1277--1278
\TU/lmr/m/n/10.95 Netherlands. [][]$[][][][][] [] [] [] [][][] [] [][][][][][][
] [] [][] [] [][] [] [][][] [] [][][][][] [] [][][][][][] [][] [][][][] [][] []
[][] [][] [][][][][][][][][][] [][] [][][][][][][][]$[][]. 
 []

LaTeX Font Info:    External font `cmex10' loaded for size
(Font)              <7> on input line 1301.
LaTeX Font Info:    External font `cmex10' loaded for size
(Font)              <5> on input line 1301.
[21] [22] [23

] [24]
Overfull \hbox (6.68703pt too wide) in paragraph at lines 1738--1739
[]\TU/lmr/bx/n/10 2016 \TU/lmr/m/n/10 Scientific committee, 2nd Workshop on Com
putational Methods for Endangered Languages (ComputEL-
 []

[25]
Overfull \hbox (2.16095pt too wide) in paragraph at lines 1794--1795
[]\TU/lmr/bx/n/10 2012 \TU/lmr/m/n/10 Program committee, European Association o
f Computational Linguistics (EACL) Workshop: LINGVIS
 []

[26] (./StevenMoranCV.aux)
Package rerunfilecheck Info: File `StevenMoranCV.out' has not changed.
(rerunfilecheck)             Checksum: D41D8CD98F00B204E9800998ECF8427E;0.
 ) 
Here is how much of TeX's memory you used:
 7409 strings out of 476919
 112502 string characters out of 5821839
 436005 words of memory out of 5000000
 27339 multiletter control sequences out of 15000+600000
 406601 words of font info for 46 fonts, out of 8000000 for 9000
 1348 hyphenation exceptions out of 8191
 71i,8n,77p,672b,380s stack positions out of 5000i,500n,10000p,200000b,80000s

Output written on StevenMoranCV.pdf (26 pages).
